0 info it worked if it ends with ok
1 verbose cli [ '/home/nathaniel/.nvm/versions/node/v6.5.0/bin/node',
1 verbose cli   '/home/nathaniel/.nvm/versions/node/v6.5.0/bin/npm',
1 verbose cli   'run',
1 verbose cli   'debug' ]
2 info using npm@3.10.3
3 info using node@v6.5.0
4 verbose stack Error: ENOENT: no such file or directory, open '/home/nathaniel/Downloads/Workspaces/js-jquery-basics-lab-v-000/package.json'
4 verbose stack     at Error (native)
5 verbose cwd /home/nathaniel/Downloads/Workspaces/js-jquery-basics-lab-v-000
6 error Linux 3.8.11
7 error argv "/home/nathaniel/.nvm/versions/node/v6.5.0/bin/node" "/home/nathaniel/.nvm/versions/node/v6.5.0/bin/npm" "run" "debug"
8 error node v6.5.0
9 error npm  v3.10.3
10 error path /home/nathaniel/Downloads/Workspaces/js-jquery-basics-lab-v-000/package.json
11 error code ENOENT
12 error errno -2
13 error syscall open
14 error enoent ENOENT: no such file or directory, open '/home/nathaniel/Downloads/Workspaces/js-jquery-basics-lab-v-000/package.json'
15 error enoent ENOENT: no such file or directory, open '/home/nathaniel/Downloads/Workspaces/js-jquery-basics-lab-v-000/package.json'
15 error enoent This is most likely not a problem with npm itself
15 error enoent and is related to npm not being able to find a file.
16 verbose exit [ -2, true ]
